{"/home/mibru/code/learning/udemy/algorithms-javascript-colt/patterns/multiple-pointers.js":{"path":"/home/mibru/code/learning/udemy/algorithms-javascript-colt/patterns/multiple-pointers.js","s":{"1":1,"2":0,"3":1,"4":1,"5":0},"b":{},"f":{"1":0},"fnMap":{"1":{"name":"sumZero","line":5,"loc":{"start":{"line":5,"column":0},"end":{"line":5,"column":30}}}},"statementMap":{"1":{"start":{"line":5,"column":0},"end":{"line":7,"column":1}},"2":{"start":{"line":6,"column":2},"end":{"line":6,"column":16}},"3":{"start":{"line":10,"column":0},"end":{"line":14,"column":1}},"4":{"start":{"line":11,"column":2},"end":{"line":11,"column":36}},"5":{"start":{"line":13,"column":2},"end":{"line":13,"column":21}}},"branchMap":{}}}